<tal:block tal:define="
    tabletitle string:One Device Report;
    tableName string:oneDevice_report;
    tm here/ZenTableManager;
    sts python:tm.setReqTableState;
    mydev python:sts(tableName, 'mydev', '');
    tableState python:tm.getTableState(tableName, sortedSence='desc', sortedHeader='outputP');
    objects python:here.ReportServer.plugin('oneDevicePlugin', tableState);
    batch python:here.ZenTableManager.getBatch(tableName,objects,sortedHeader='mydev', sortedSence='asc');
    exportFields python:['mydev', 'ip', 'hardware', 'software'];
    ">

<!-- Make the report exportable to CSV -->
<tal:block metal:use-macro="here/reportMacros/macros/exportableReport">
  <tal:block metal:fill-slot="report">

    <tal:block metal:use-macro="here/templates/macros/page1">
      <tal:block metal:fill-slot="breadCrumbPane">
        <span metal:use-macro="here/miscmacros/macros/reportBreadCrumbsList"/>    
      </tal:block>

      <tal:block metal:fill-slot="contentPane">

        <!-- This is the form that requests input  -->
        <form id="deviceSelection" method="submit">
          <tal:block tal:define=" tabletitle string:Selected Device">
            <tal:block metal:use-macro="here/zenuimacros/macros/zentable">
              <tal:block metal:fill-slot="zentablecontents">

                <tr>
                  <td class="tableheader">Select Device:</td>
                  <td class="tablevalues">
                    <input class="tablevalues" name="mydev"
                      tal:attributes="value mydev">
                  </td>
                </tr>

                <tr>
                  <td class="tablevalues" colspan="6">
                    <input class="tablevalues" type="Submit" value="Update"/>
                  </td>
                </tr>

              </tal:block>
            </tal:block>
          </tal:block>
        </form>
        <!-- End of input form -->


        <form method="POST" tal:attributes="action request/URL;">
          <tal:block tal:repeat="r batch">
          <tal:block metal:define-macro="general" tal:define="tabletitle string:General Stuff;">
            <tal:block metal:use-macro="here/zenuimacros/macros/zentable">
              <tal:block metal:fill-slot="zentablecontents">
                  <tr>
                    <td class="tableheader" align=left>Device</td>
                    <td class="tablevalues" tal:content="r/mydev"/>
    
                    <td class="tableheader" align=left>Device Id</td>
                    <td class="tablevalues" tal:content="r/devid"/>
    
                    <td class="tableheader" align=left>Device Title</td>
                    <td class="tablevalues" tal:content="r/devtitle"/>

                    <td class="tableheader" align=left>IP Address</td>
                    <td class="tablevalues" tal:content="r/ip"/>
                  </tr>
  
                  <tr>
                    <td class="tableheader" align=left>Hardware</td>
                    <td class="tablevalues" tal:content="r/hardware"/>
    
                    <td class="tableheader" align=left>Software</td>
                    <td class="tablevalues" tal:content="r/software"/>

                    <td class="tableheader" align=left>Ping Monitor Ignore</td>
                    <td class="tablevalues" tal:content="r/zPingMonitorIgnore"/>
    
                    <td class="tableheader" align=left>Current Production State</td>
                    <td class="tablevalues" tal:content="r/productionState"/>
    
                    <td class="tableheader" align=left>Pre MW Prod State</td>
                    <td class="tablevalues" tal:content="r/preMWProductionState"/>
                  </tr>

                  <tr>
                    <td class="tableheader" align=left>Windows Userid</td>
                    <td class="tablevalues" tal:content="r/zWinUser"/>
    
                    <td class="tableheader" align=left>Win Event Log Monitored</td>
                    <td class="tablevalues" tal:content="r/zWinEventlog"/>

                    <td class="tableheader" align=left>WMI Monitor Ignore</td>
                    <td class="tablevalues" tal:content="r/zWmiMonitorIgnore"/>
    
                    <td class="tableheader" align=left>Command Username</td>
                    <td class="tablevalues" tal:content="r/zCommandUsername"/>
    
                    <td class="tableheader" align=left>Command Timeout</td>
                    <td class="tablevalues" tal:content="r/zCommandCommandTimeout"/>
                  </tr>

                  <tr>
                    <td class="tableheader" align=left>Device Class</td>
                    <td class="tablevalues" tal:content="r/deviceClass"/>

                    <td class="tableheader" align=left>Groups</td>
                    <td class="tablevalues" tal:content="r/groups"/>

                    <td class="tableheader" align=left>Systems</td>
                    <td class="tablevalues" tal:content="r/systems"/>
  
                    <td class="tableheader" align=left>Location</td>
                    <td class="tablevalues" tal:content="r/location"/>
                  </tr>
  
                <tr>
                  <!-- Update colspan to match your columns -->
                  <td colspan="4" class="tableheader" align='center'>
                  <form metal:use-macro="here/zenTableNavigation/macros/navtool"/>
                  </td>
                </tr>
              </tal:block>
            </tal:block>
          </tal:block>

          <tal:block metal:define-macro="SNMP" tal:define="tabletitle string:SNMP Stuff;">
            <tal:block metal:use-macro="here/zenuimacros/macros/zentable">
              <tal:block metal:fill-slot="zentablecontents">
                  <tr>
                    <td class="tableheader" align=left>SNMP Ver</td>
                    <td class="tablevalues" tal:content="r/zSnmpVer"/>
    
                    <td class="tableheader" align=left>SNMP Community</td>
                    <td class="tablevalues" tal:content="r/zSnmpCommunity"/>
    
                    <td class="tableheader" align=left>SNMP Communities</td>
                    <td class="tablevalues" tal:content="r/zSnmpCommunities"/>
                  </tr>
  
                  <tr>
                    <td class="tableheader" align=left>SNMP Timeout</td>
                    <td class="tablevalues" tal:content="r/zSnmpTimeout"/>
    
                    <td class="tableheader" align=left>SNMP Tries</td>
                    <td class="tablevalues" tal:content="r/zSnmpTries"/>
    
                    <td class="tableheader" align=left>SNMP Monitor Ignore</td>
                    <td class="tablevalues" tal:content="r/zSnmpMonitorIgnore"/>
                  </tr>
  
                  <tr>
                    <td class="tableheader" align=left>SNMP Last Collection</td>
                    <td class="tablevalues" tal:content="r/snmpLastCollection"/>
    
                    <td class="tableheader" align=left>SNMP Index</td>
                    <td class="tablevalues" tal:content="r/snmpindex"/>
                  </tr>
  
                <tr>
                  <!-- Update colspan to match your columns -->
                  <td colspan="4" class="tableheader" align='center'>
                  <form metal:use-macro="here/zenTableNavigation/macros/navtool"/>
                  </td>
                </tr>
              </tal:block>
            </tal:block>
          </tal:block>





          <tal:block metal:define-macro="ModAndTemp" tal:define="tabletitle string:Modelers and Templates;">
            <tal:block metal:use-macro="here/zenuimacros/macros/zentable">
              <tal:block metal:fill-slot="zentablecontents">

                <tr>
                  <td class="tableheader" align=left>Modeler Plugins (zCollectorPlugins)</td>
                  <td class="tablevalues" tal:content="r/collectorPlugins"/>
                </tr>

                <tr>
                  <td class="tableheader" align=left>Performance Templates</td>
                  <td class="tablevalues" tal:content="r/deviceTemplates"/>
                </tr>

                <tr>
                  <!-- Update colspan to match your columns -->
                  <td colspan="4" class="tableheader" align='center'>
                  <form metal:use-macro="here/zenTableNavigation/macros/navtool"/>
                  </td>
                </tr>
              </tal:block>
            </tal:block>
          </tal:block>

          <tal:block metal:define-macro="Locals" tal:define="tabletitle string:Local Device Overrides;">
            <tal:block metal:use-macro="here/zenuimacros/macros/zentable">
              <tal:block metal:fill-slot="zentablecontents">

                  <td class="tableheader" align=left>Property Name</td>
                  <td class="tableheader" align=left>Property Value</td>
                  <tal:block tal:repeat="l r/locals">
                    <tr class="tablevalues">
                      <td class="tablevalues" style="width:20%;" tal:content="python:l[0]"/>
                      <td class="tablevalues" style="width:80%;" tal:content="python:l[1]"/>
                    </tr>
                  </tal:block>
 
                <tr>
                  <!-- Update colspan to match your columns -->
                  <td colspan="4" class="tableheader" align='center'>
                  <form metal:use-macro="here/zenTableNavigation/macros/navtool"/>
                  </td>
                </tr>
              </tal:block>
            </tal:block>
          </tal:block>

          <tal:block metal:define-macro="MaintWins" tal:define="tabletitle string:Maintenance windows involving this device;">
            <tal:block metal:use-macro="here/zenuimacros/macros/zentable">
              <tal:block metal:fill-slot="zentablecontents">

                  <td class="tableheader" align=left>Maintenance Window Name</td>
                  <td class="tableheader" align=left>Maintenance Window Target</td>
                  <td class="tableheader" align=left>Maintenance Window Enabled?</td>
                  <td class="tableheader" align=left>Maintenance Window Start</td>
                  <td class="tableheader" align=left>Maintenance Window Duration</td>
                  <td class="tableheader" align=left>Maintenance Window Started Time</td>
                  <tal:block tal:repeat="l r/mwlist">
                    <tr class="tablevalues">
                      <td class="tablevalues" style="width:15%;" tal:content="python:l[1]"/>
                      <td class="tablevalues" style="width:15%;" tal:content="python:l[2]"/>
                      <td class="tablevalues" style="width:10%;" tal:content="python:l[3]"/>
                      <td class="tablevalues" style="width:25%;" tal:content="python:l[4]"/>
                      <td class="tablevalues" style="width:10%;" tal:content="python:l[5]"/>
                      <td class="tablevalues" style="width:25%;" tal:content="python:l[6]"/>
                    </tr>
                  </tal:block>
 
                <tr>
                  <!-- Update colspan to match your columns -->
                  <td colspan="6" class="tableheader" align='center'>
                  <form metal:use-macro="here/zenTableNavigation/macros/navtool"/>
                  </td>
                </tr>
              </tal:block>
            </tal:block>
          </tal:block>
          </tal:block>
        </form>
      </tal:block>

    </tal:block>
   </tal:block>
</tal:block>
</tal:block>
